15:23:51.176 [JavaFX Application Thread] DEBUG GameApplication      - Logger initialized
15:23:51.190 [JavaFX Application Thread] DEBUG GameApplication      - Logging settings
Title: Martin Slug
Version: 0.0
Width: 800
Height: 600
Fullscreen: false
Intro: false
Menus: false
Profiling: false
Single step:false
App Mode: DEVELOPER
Menu Key: ESCAPE
Stage Style: DECORATED
Scene Factory: class com.almasb.fxgl.scene.SceneFactory
Dialog Factory: class com.almasb.fxgl.ui.FXGLDialogFactory
UI Factory: class com.almasb.fxgl.ui.FXGLUIFactory
Notification Service: class com.almasb.fxgl.gameplay.notification.XboxNotificationView
Exception Handler: class com.almasb.fxgl.app.FXGLExceptionHandler
15:23:51.191 [JavaFX Application Thread] DEBUG GameApplication      - Starting FXGL
15:23:51.199 [JavaFX Application Thread] INFO  FXGL                 - FXGL-0.5.4 on DESKTOP
15:23:51.200 [JavaFX Application Thread] INFO  FXGL                 - Source code and latest versions at: https://github.com/AlmasB/FXGL
15:23:51.200 [JavaFX Application Thread] INFO  FXGL                 -              Join the FXGL chat at: https://gitter.im/AlmasB/FXGL
15:23:51.200 [JavaFX Application Thread] DEBUG FXGL                 - FXGL started
15:23:51.200 [JavaFX Application Thread] DEBUG FXGL                 - Initializing FXGL
15:23:51.234 [JavaFX Application Thread] DEBUG AssetLoader          - Loading from disk: /assets/ui/cursors/fxgl_default.png
15:23:51.332 [JavaFX Application Thread] DEBUG AssetLoader          - Loading from disk: /assets/ui/fonts/VarelaRound-Regular.ttf
15:23:51.473 [JavaFX Application Thread] DEBUG MainWindow           - Creating a JavaFX scene
15:23:51.500 [JavaFX Application Thread] DEBUG MainWindow           - Target settings size: 800.0 x 600.0
15:23:51.500 [JavaFX Application Thread] DEBUG MainWindow           - Scaled scene size:    800.0 x 600.0
15:23:51.500 [JavaFX Application Thread] DEBUG MainWindow           - Scaled ratio: (1.0, 1.0)
15:23:51.502 [JavaFX Application Thread] DEBUG AssetLoader          - Loading from disk: /assets/ui/css/fxgl_dark.css
15:23:51.504 [JavaFX Application Thread] DEBUG AssetLoader          - Loading from disk: /assets/textures/fxgl_icon.png
15:23:51.521 [JavaFX Application Thread] DEBUG MainWindow           - Opening main window
15:23:51.744 [JavaFX Application Thread] DEBUG MainWindow           - Window border size: (16.0, 39.0)
15:23:51.744 [JavaFX Application Thread] DEBUG MainWindow           - Scaled size: 800.0 x 600.0
15:23:51.744 [JavaFX Application Thread] DEBUG MainWindow           - Scaled ratio: (1.0, 1.0)
15:23:51.745 [JavaFX Application Thread] DEBUG MainWindow           - Scene size: 800.0 x 600.0
15:23:51.745 [JavaFX Application Thread] DEBUG MainWindow           - Stage size: 816.0 x 639.0
15:23:51.829 [ForkJoinPool.commonPool-worker-1] DEBUG FS                   - Loaded DesktopFSService
15:23:51.835 [ForkJoinPool.commonPool-worker-1] DEBUG FXGL                 - Loading default FXGL system data
15:23:51.836 [ForkJoinPool.commonPool-worker-1] DEBUG FXGL                 - Initializing state machine and application states
15:23:51.838 [ForkJoinPool.commonPool-worker-1] DEBUG AssetLoader          - Loading from disk: /assets/ui/cursors/fxgl_default.png
15:23:51.872 [ForkJoinPool.commonPool-worker-2] DEBUG UpdaterTask          - Checking for updates
15:23:51.875 [ForkJoinPool.commonPool-worker-1] DEBUG AssetLoader          - Loading from disk: /assets/ui/cursors/fxgl_default.png
15:23:51.882 [ForkJoinPool.commonPool-worker-1] DEBUG AssetLoader          - Loading from cache: /assets/ui/fonts/VarelaRound-Regular.ttf
15:23:51.884 [ForkJoinPool.commonPool-worker-1] DEBUG AssetLoader          - Loading from disk: /assets/ui/cursors/fxgl_default.png
15:23:51.887 [ForkJoinPool.commonPool-worker-1] DEBUG GameScene            - Game scene initialized: 800x600
15:23:51.891 [ForkJoinPool.commonPool-worker-1] DEBUG GameWorld            - Game world initialized
15:23:51.948 [ForkJoinPool.commonPool-worker-1] DEBUG PhysicsWorld         - Physics world initialized: appHeight=600, physics.ppm=50,0
15:23:51.955 [ForkJoinPool.commonPool-worker-1] DEBUG Input                - Registered new binding: Pause - Esc
15:23:52.020 [JavaFX Application Thread] DEBUG FXGL                 - Running preInit()
15:23:52.021 [JavaFX Application Thread] DEBUG Input                - Registered new binding: Screenshot - P
15:23:52.022 [JavaFX Application Thread] DEBUG Input                - Registered new binding: Dev Options - CTRL+0
15:23:52.022 [JavaFX Application Thread] DEBUG Input                - Registered new binding: System info dump - CTRL+9
15:23:52.022 [JavaFX Application Thread] DEBUG Input                - Registered new binding: Restart - CTRL+R
15:23:52.023 [JavaFX Application Thread] INFO  FXGL                 - FXGL initialization took: 0,822 sec
15:23:52.023 [JavaFX Application Thread] DEBUG LoopRunner           - Starting loop
15:23:52.029 [JavaFX Application Thread] DEBUG StartupState         - STARTUP
15:23:52.029 [JavaFX Application Thread] DEBUG GameApplication      - Starting new game
15:23:52.029 [JavaFX Application Thread] DEBUG Input                - Clearing active input actions
15:23:52.030 [JavaFX Application Thread] DEBUG AssetLoader          - Loading from disk: /assets/ui/css/fxgl_dark.css
15:23:52.036 [JavaFX Application Thread] DEBUG AppStateMachine      - StartupState -> LoadingState
15:23:52.088 [FXGL Background Thread 1 ] DEBUG InitAppTask          - Clearing previous game
15:23:52.088 [FXGL Background Thread 1 ] DEBUG GameWorld            - Clearing game world
15:23:52.088 [FXGL Background Thread 1 ] DEBUG PhysicsWorld         - Clearing physics world
15:23:52.088 [FXGL Background Thread 1 ] DEBUG GameScene            - Clearing game scene
15:23:52.089 [FXGL Background Thread 1 ] DEBUG InitAppTask          - Initializing Game
15:23:52.098 [FXGL Background Thread 1 ] DEBUG InitAppTask          - Initializing Physics
15:23:52.098 [FXGL Background Thread 1 ] DEBUG InitAppTask          - Initializing UI
15:23:52.098 [FXGL Background Thread 1 ] DEBUG InitAppTask          - Initialization Complete
15:23:52.098 [FXGL Background Thread 1 ] INFO  InitAppTask          - Game initialization took: 0,010 sec
15:23:52.109 [JavaFX Application Thread] DEBUG Input                - Clearing active input actions
15:23:52.109 [JavaFX Application Thread] DEBUG AssetLoader          - Loading from disk: /assets/ui/css/fxgl_dark.css
15:23:52.171 [JavaFX Application Thread] DEBUG AppStateMachine      - LoadingState -> PlayState
15:24:18.029 [JavaFX Application Thread] DEBUG FXGL                 - Exiting FXGL
15:24:18.029 [JavaFX Application Thread] DEBUG FXGL                 - Shutting down background threads
15:24:18.029 [JavaFX Application Thread] DEBUG FXGL                 - Saving FXGL system data
15:24:18.032 [JavaFX Application Thread] DEBUG DesktopFSService     - Writing to: system\fxgl.bundle
15:24:18.039 [JavaFX Application Thread] DEBUG FXGL                 - Closing logger and exiting JavaFX
